<?xml version="1.0" encoding="UTF-8"?>
<!-- Generated by org.testng.reporters.JUnitReportReporter -->
<testsuite skipped="0" hostname="mrunal-PC" name="TestNG.Marcury2_TestNG" tests="1" failures="0" timestamp="2021-12-17T16:44:03 IST" time="9.679" errors="0">
  <testcase name="loginwithvalddetails" time="9.679" classname="TestNG.Marcury2_TestNG"/>
  <system-out/>
</testsuite> <!-- TestNG.Marcury2_TestNG -->
